[0m21:25:45.612704 [debug] [MainThread]: Sending event: {'category': 'dbt', 'action': 'invocation', 'label': 'start', 'context': [<snowplow_tracker.self_describing_json.SelfDescribingJson object at 0x0000024E10714950>, <snowplow_tracker.self_describing_json.SelfDescribingJson object at 0x0000024E10714450>, <snowplow_tracker.self_describing_json.SelfDescribingJson object at 0x0000024E10717D10>]}


============================== 21:25:45.623718 | 9f0c314c-5831-428c-beb2-fe7fa3c48ca1 ==============================
[0m21:25:45.623718 [info ] [MainThread]: Running with dbt=1.11.2
[0m21:25:45.624716 [debug] [MainThread]: running dbt with arguments {'static_parser': 'True', 'no_print': 'None', 'version_check': 'True', 'target_path': 'None', 'warn_error_options': 'WarnErrorOptionsV2(error=[], warn=[], silence=[])', 'printer_width': '80', 'write_json': 'True', 'empty': 'None', 'log_cache_events': 'False', 'introspect': 'True', 'cache_selected_only': 'False', 'fail_fast': 'False', 'debug': 'False', 'log_format': 'default', 'partial_parse': 'True', 'send_anonymous_usage_stats': 'True', 'quiet': 'False', 'warn_error': 'None', 'profiles_dir': 'C:\\Users\\bengo\\.dbt', 'indirect_selection': 'eager', 'invocation_command': 'dbt init --skip-profile-setup airbnb', 'use_colors': 'True', 'use_experimental_parser': 'False', 'log_path': 'logs'}
[0m21:25:45.696724 [info ] [MainThread]: Creating dbt configuration folder at C:\Users\bengo\.dbt
[0m21:25:45.701452 [debug] [MainThread]: Starter project path: C:\Users\bengo\Downloads\course\.venv\Lib\site-packages\dbt\include\starter_project
[0m21:25:45.733052 [info ] [MainThread]: 
Your new dbt project "airbnb" was created!

For more information on how to configure the profiles.yml file,
please consult the dbt documentation here:

  https://docs.getdbt.com/docs/configure-your-profile

One more thing:

Need help? Don't hesitate to reach out to us via GitHub issues or on Slack:

  https://community.getdbt.com/

Happy modeling!

[0m21:25:45.734521 [debug] [MainThread]: Command `dbt init` succeeded at 21:25:45.734521 after 0.22 seconds
[0m21:25:45.735600 [debug] [MainThread]: Sending event: {'category': 'dbt', 'action': 'invocation', 'label': 'end', 'context': [<snowplow_tracker.self_describing_json.SelfDescribingJson object at 0x0000024E1072E610>, <snowplow_tracker.self_describing_json.SelfDescribingJson object at 0x0000024E0A5C0F10>, <snowplow_tracker.self_describing_json.SelfDescribingJson object at 0x0000024E07F52FD0>]}
[0m21:25:45.735600 [debug] [MainThread]: Flushing usage events
[0m21:25:46.249940 [debug] [MainThread]: An error was encountered while trying to flush usage events
[0m21:32:58.826879 [debug] [MainThread]: Sending event: {'category': 'dbt', 'action': 'invocation', 'label': 'start', 'context': [<snowplow_tracker.self_describing_json.SelfDescribingJson object at 0x0000015E6EA11CD0>, <snowplow_tracker.self_describing_json.SelfDescribingJson object at 0x0000015E6EA13E50>, <snowplow_tracker.self_describing_json.SelfDescribingJson object at 0x0000015E6EA12210>]}


============================== 21:32:58.832226 | 1e0a7a6c-05b5-44dc-a209-3d27803d47d2 ==============================
[0m21:32:58.832226 [info ] [MainThread]: Running with dbt=1.11.2
[0m21:32:58.832226 [debug] [MainThread]: running dbt with arguments {'version_check': 'True', 'no_print': 'None', 'static_parser': 'True', 'warn_error_options': 'WarnErrorOptionsV2(error=[], warn=[], silence=[])', 'target_path': 'None', 'printer_width': '80', 'write_json': 'True', 'empty': 'None', 'log_cache_events': 'False', 'introspect': 'True', 'cache_selected_only': 'False', 'fail_fast': 'False', 'debug': 'False', 'log_format': 'default', 'partial_parse': 'True', 'send_anonymous_usage_stats': 'True', 'quiet': 'False', 'warn_error': 'None', 'profiles_dir': 'C:\\Users\\bengo\\.dbt', 'use_colors': 'True', 'indirect_selection': 'eager', 'invocation_command': 'dbt debug', 'use_experimental_parser': 'False', 'log_path': 'logs'}
[0m21:32:59.013037 [info ] [MainThread]: dbt version: 1.11.2
[0m21:32:59.014475 [info ] [MainThread]: python version: 3.11.9
[0m21:32:59.014475 [info ] [MainThread]: python path: C:\Users\bengo\Downloads\course\.venv\Scripts\python.exe
[0m21:32:59.015475 [info ] [MainThread]: os info: Windows-10-10.0.26200-SP0
[0m21:32:59.015475 [info ] [MainThread]: Using profiles dir at C:\Users\bengo\.dbt
[0m21:32:59.016538 [info ] [MainThread]: Using profiles.yml file at C:\Users\bengo\.dbt\profiles.yml
[0m21:32:59.016538 [info ] [MainThread]: Using dbt_project.yml file at C:\Users\bengo\Downloads\course\dbt_project.yml
[0m21:32:59.017604 [info ] [MainThread]: Configuration:
[0m21:32:59.017604 [info ] [MainThread]:   profiles.yml file [[31mERROR not found[0m]
[0m21:32:59.018632 [info ] [MainThread]:   dbt_project.yml file [[31mERROR not found[0m]
[0m21:32:59.018632 [info ] [MainThread]: Required dependencies:
[0m21:32:59.019700 [debug] [MainThread]: Executing "git --help"
[0m21:32:59.063956 [debug] [MainThread]: STDOUT: "b"usage: git [-v | --version] [-h | --help] [-C <path>] [-c <name>=<value>]\n           [--exec-path[=<path>]] [--html-path] [--man-path] [--info-path]\n           [-p | --paginate | -P | --no-pager] [--no-replace-objects] [--no-lazy-fetch]\n           [--no-optional-locks] [--no-advice] [--bare] [--git-dir=<path>]\n           [--work-tree=<path>] [--namespace=<name>] [--config-env=<name>=<envvar>]\n           <command> [<args>]\n\nThese are common Git commands used in various situations:\n\nstart a working area (see also: git help tutorial)\n   clone      Clone a repository into a new directory\n   init       Create an empty Git repository or reinitialize an existing one\n\nwork on the current change (see also: git help everyday)\n   add        Add file contents to the index\n   mv         Move or rename a file, a directory, or a symlink\n   restore    Restore working tree files\n   rm         Remove files from the working tree and from the index\n\nexamine the history and state (see also: git help revisions)\n   bisect     Use binary search to find the commit that introduced a bug\n   diff       Show changes between commits, commit and working tree, etc\n   grep       Print lines matching a pattern\n   log        Show commit logs\n   show       Show various types of objects\n   status     Show the working tree status\n\ngrow, mark and tweak your common history\n   backfill   Download missing objects in a partial clone\n   branch     List, create, or delete branches\n   commit     Record changes to the repository\n   merge      Join two or more development histories together\n   rebase     Reapply commits on top of another base tip\n   reset      Reset current HEAD to the specified state\n   switch     Switch branches\n   tag        Create, list, delete or verify a tag object signed with GPG\n\ncollaborate (see also: git help workflows)\n   fetch      Download objects and refs from another repository\n   pull       Fetch from and integrate with another repository or a local branch\n   push       Update remote refs along with associated objects\n\n'git help -a' and 'git help -g' list available subcommands and some\nconcept guides. See 'git help <command>' or 'git help <concept>'\nto read about a specific subcommand or concept.\nSee 'git help git' for an overview of the system.\n""
[0m21:32:59.063956 [debug] [MainThread]: STDERR: "b''"
[0m21:32:59.064953 [info ] [MainThread]:  - git [[32mOK found[0m]

[0m21:32:59.064953 [info ] [MainThread]: Connection test skipped since no profile was found
[0m21:32:59.066104 [info ] [MainThread]: [31m2 checks failed:[0m
[0m21:32:59.066104 [info ] [MainThread]: dbt looked for a profiles.yml file in C:\Users\bengo\.dbt\profiles.yml, but did
not find one. For more information on configuring your profile, consult the
documentation:

https://docs.getdbt.com/docs/configure-your-profile


[0m21:32:59.067109 [info ] [MainThread]: Project loading failed for the following reason:
 project path <C:\Users\bengo\Downloads\course\dbt_project.yml> not found

[0m21:32:59.068308 [debug] [MainThread]: Command `dbt debug` failed at 21:32:59.068308 after 0.34 seconds
[0m21:32:59.069312 [debug] [MainThread]: Sending event: {'category': 'dbt', 'action': 'invocation', 'label': 'end', 'context': [<snowplow_tracker.self_describing_json.SelfDescribingJson object at 0x0000015E68652C90>, <snowplow_tracker.self_describing_json.SelfDescribingJson object at 0x0000015E6E97E190>, <snowplow_tracker.self_describing_json.SelfDescribingJson object at 0x0000015E6E97F2D0>]}
[0m21:32:59.070365 [debug] [MainThread]: Flushing usage events
[0m21:32:59.581344 [debug] [MainThread]: An error was encountered while trying to flush usage events
